<?xml version="1.0" encoding="UTF-8"?>
<testng-results skipped="3" failed="0" ignored="0" total="3" passed="0">
  <reporter-output>
  </reporter-output>
  <suite name="Default suite" duration-ms="9583" started-at="2021-01-19T11:16:39Z" finished-at="2021-01-19T11:16:49Z">
    <groups>
    </groups>
    <test name="Default test" duration-ms="9583" started-at="2021-01-19T11:16:39Z" finished-at="2021-01-19T11:16:49Z">
      <class name="com.selenium.AllinONE">
        <test-method status="FAIL" signature="Browser_launch()[pri:0, instance:com.selenium.AllinONE@5622fdf]" name="Browser_launch" is-config="true" duration-ms="0" started-at="2021-01-19T16:46:39Z" finished-at="2021-01-19T16:46:39Z">
          <exception class="org.openqa.selenium.SessionNotCreatedException">
            <message>
              <![CDATA[session not created: This version of ChromeDriver only supports Chrome version 85
Build info: version: '3.11.0', revision: 'e59cfb3', time: '2018-03-11T20:26:55.152Z'
System info: host: 'IN5CG6130867', ip: '192.168.1.17', os.name: 'Windows 10', os.arch: 'amd64', os.version: '10.0', java.version: '1.8.0_201'
Driver info: driver.version: ChromeDriver
remote stacktrace: Backtrace:
	Ordinal0 [0x005AD383+3134339]
	Ordinal0 [0x0049A171+2007409]
	Ordinal0 [0x0033AEE8+569064]
	Ordinal0 [0x002C139F+70559]
	Ordinal0 [0x002BCC63+52323]
	Ordinal0 [0x002E0DFC+200188]
	Ordinal0 [0x002E0C1D+199709]
	Ordinal0 [0x002DEB0B+191243]
	Ordinal0 [0x002C2E77+77431]
	Ordinal0 [0x002C3E3E+81470]
	Ordinal0 [0x002C3DC9+81353]
	Ordinal0 [0x004B0CD9+2100441]
	GetHandleVerifier [0x0071B75A+1396954]
	GetHandleVerifier [0x0071B3D9+1396057]
	GetHandleVerifier [0x00727126+1444518]
	GetHandleVerifier [0x0071BCE8+1398376]
	Ordinal0 [0x004A7F51+2064209]
	Ordinal0 [0x004B22EB+2106091]
	Ordinal0 [0x004B2411+2106385]
	Ordinal0 [0x004C49C4+2181572]
	BaseThreadInitThunk [0x74B18674+36]
	RtlGetAppContainerNamedObjectPath [0x77E75EC7+311]
	RtlGetAppContainerNamedObjectPath [0x77E75E97+263]
]]>
            </message>
            <full-stacktrace>
              <![CDATA[org.openqa.selenium.SessionNotCreatedException: session not created: This version of ChromeDriver only supports Chrome version 85
Build info: version: '3.11.0', revision: 'e59cfb3', time: '2018-03-11T20:26:55.152Z'
System info: host: 'IN5CG6130867', ip: '192.168.1.17', os.name: 'Windows 10', os.arch: 'amd64', os.version: '10.0', java.version: '1.8.0_201'
Driver info: driver.version: ChromeDriver
remote stacktrace: Backtrace:
	Ordinal0 [0x005AD383+3134339]
	Ordinal0 [0x0049A171+2007409]
	Ordinal0 [0x0033AEE8+569064]
	Ordinal0 [0x002C139F+70559]
	Ordinal0 [0x002BCC63+52323]
	Ordinal0 [0x002E0DFC+200188]
	Ordinal0 [0x002E0C1D+199709]
	Ordinal0 [0x002DEB0B+191243]
	Ordinal0 [0x002C2E77+77431]
	Ordinal0 [0x002C3E3E+81470]
	Ordinal0 [0x002C3DC9+81353]
	Ordinal0 [0x004B0CD9+2100441]
	GetHandleVerifier [0x0071B75A+1396954]
	GetHandleVerifier [0x0071B3D9+1396057]
	GetHandleVerifier [0x00727126+1444518]
	GetHandleVerifier [0x0071BCE8+1398376]
	Ordinal0 [0x004A7F51+2064209]
	Ordinal0 [0x004B22EB+2106091]
	Ordinal0 [0x004B2411+2106385]
	Ordinal0 [0x004C49C4+2181572]
	BaseThreadInitThunk [0x74B18674+36]
	RtlGetAppContainerNamedObjectPath [0x77E75EC7+311]
	RtlGetAppContainerNamedObjectPath [0x77E75E97+263]

	at sun.reflect.NativeConstructorAccessorImpl.newInstance0(Native Method)
	at sun.reflect.NativeConstructorAccessorImpl.newInstance(NativeConstructorAccessorImpl.java:62)
	at sun.reflect.DelegatingConstructorAccessorImpl.newInstance(DelegatingConstructorAccessorImpl.java:45)
	at java.lang.reflect.Constructor.newInstance(Constructor.java:423)
	at org.openqa.selenium.remote.W3CHandshakeResponse.lambda$new$0(W3CHandshakeResponse.java:57)
	at org.openqa.selenium.remote.W3CHandshakeResponse.lambda$getResponseFunction$2(W3CHandshakeResponse.java:104)
	at org.openqa.selenium.remote.ProtocolHandshake.lambda$createSession$0(ProtocolHandshake.java:123)
	at java.util.stream.ReferencePipeline$3$1.accept(ReferencePipeline.java:193)
	at java.util.Spliterators$ArraySpliterator.tryAdvance(Spliterators.java:958)
	at java.util.stream.ReferencePipeline.forEachWithCancel(ReferencePipeline.java:126)
	at java.util.stream.AbstractPipeline.copyIntoWithCancel(AbstractPipeline.java:498)
	at java.util.stream.AbstractPipeline.copyInto(AbstractPipeline.java:485)
	at java.util.stream.AbstractPipeline.wrapAndCopyInto(AbstractPipeline.java:471)
	at java.util.stream.FindOps$FindOp.evaluateSequential(FindOps.java:152)
	at java.util.stream.AbstractPipeline.evaluate(AbstractPipeline.java:234)
	at java.util.stream.ReferencePipeline.findFirst(ReferencePipeline.java:464)
	at org.openqa.selenium.remote.ProtocolHandshake.createSession(ProtocolHandshake.java:126)
	at org.openqa.selenium.remote.ProtocolHandshake.createSession(ProtocolHandshake.java:73)
	at org.openqa.selenium.remote.HttpCommandExecutor.execute(HttpCommandExecutor.java:136)
	at org.openqa.selenium.remote.service.DriverCommandExecutor.execute(DriverCommandExecutor.java:83)
	at org.openqa.selenium.remote.RemoteWebDriver.execute(RemoteWebDriver.java:545)
	at org.openqa.selenium.remote.RemoteWebDriver.startSession(RemoteWebDriver.java:209)
	at org.openqa.selenium.remote.RemoteWebDriver.<init>(RemoteWebDriver.java:132)
	at org.openqa.selenium.chrome.ChromeDriver.<init>(ChromeDriver.java:181)
	at org.openqa.selenium.chrome.ChromeDriver.<init>(ChromeDriver.java:168)
	at org.openqa.selenium.chrome.ChromeDriver.<init>(ChromeDriver.java:123)
	at com.selenium.AllinONE.Browser_launch(AllinONE.java:28)
	at sun.reflect.NativeMethodAccessorImpl.invoke0(Native Method)
	at sun.reflect.NativeMethodAccessorImpl.invoke(NativeMethodAccessorImpl.java:62)
	at sun.reflect.DelegatingMethodAccessorImpl.invoke(DelegatingMethodAccessorImpl.java:43)
	at java.lang.reflect.Method.invoke(Method.java:498)
	at org.testng.internal.MethodInvocationHelper.invokeMethod(MethodInvocationHelper.java:104)
	at org.testng.internal.Invoker.invokeConfigurationMethod(Invoker.java:515)
	at org.testng.internal.Invoker.invokeConfigurations(Invoker.java:217)
	at org.testng.internal.Invoker.invokeConfigurations(Invoker.java:144)
	at org.testng.internal.TestMethodWorker.invokeBeforeClassMethods(TestMethodWorker.java:169)
	at org.testng.internal.TestMethodWorker.run(TestMethodWorker.java:108)
	at org.testng.TestRunner.privateRun(TestRunner.java:756)
	at org.testng.TestRunner.run(TestRunner.java:610)
	at org.testng.SuiteRunner.runTest(SuiteRunner.java:387)
	at org.testng.SuiteRunner.runSequentially(SuiteRunner.java:382)
	at org.testng.SuiteRunner.privateRun(SuiteRunner.java:340)
	at org.testng.SuiteRunner.run(SuiteRunner.java:289)
	at org.testng.SuiteRunnerWorker.runSuite(SuiteRunnerWorker.java:52)
	at org.testng.SuiteRunnerWorker.run(SuiteRunnerWorker.java:86)
	at org.testng.TestNG.runSuitesSequentially(TestNG.java:1293)
	at org.testng.TestNG.runSuitesLocally(TestNG.java:1218)
	at org.testng.TestNG.runSuites(TestNG.java:1133)
	at org.testng.TestNG.run(TestNG.java:1104)
	at org.testng.remote.AbstractRemoteTestNG.run(AbstractRemoteTestNG.java:115)
	at org.testng.remote.RemoteTestNG.initAndRun(RemoteTestNG.java:251)
	at org.testng.remote.RemoteTestNG.main(RemoteTestNG.java:77)
]]>
            </full-stacktrace>
          </exception> <!-- org.openqa.selenium.SessionNotCreatedException -->
          <reporter-output>
          </reporter-output>
        </test-method> <!-- Browser_launch -->
        <test-method status="SKIP" signature="Website_launch()[pri:0, instance:com.selenium.AllinONE@5622fdf]" name="Website_launch" duration-ms="15" started-at="2021-01-19T16:46:48Z" finished-at="2021-01-19T16:46:48Z">
          <exception class="org.openqa.selenium.SessionNotCreatedException">
            <message>
              <![CDATA[session not created: This version of ChromeDriver only supports Chrome version 85
Build info: version: '3.11.0', revision: 'e59cfb3', time: '2018-03-11T20:26:55.152Z'
System info: host: 'IN5CG6130867', ip: '192.168.1.17', os.name: 'Windows 10', os.arch: 'amd64', os.version: '10.0', java.version: '1.8.0_201'
Driver info: driver.version: ChromeDriver
remote stacktrace: Backtrace:
	Ordinal0 [0x005AD383+3134339]
	Ordinal0 [0x0049A171+2007409]
	Ordinal0 [0x0033AEE8+569064]
	Ordinal0 [0x002C139F+70559]
	Ordinal0 [0x002BCC63+52323]
	Ordinal0 [0x002E0DFC+200188]
	Ordinal0 [0x002E0C1D+199709]
	Ordinal0 [0x002DEB0B+191243]
	Ordinal0 [0x002C2E77+77431]
	Ordinal0 [0x002C3E3E+81470]
	Ordinal0 [0x002C3DC9+81353]
	Ordinal0 [0x004B0CD9+2100441]
	GetHandleVerifier [0x0071B75A+1396954]
	GetHandleVerifier [0x0071B3D9+1396057]
	GetHandleVerifier [0x00727126+1444518]
	GetHandleVerifier [0x0071BCE8+1398376]
	Ordinal0 [0x004A7F51+2064209]
	Ordinal0 [0x004B22EB+2106091]
	Ordinal0 [0x004B2411+2106385]
	Ordinal0 [0x004C49C4+2181572]
	BaseThreadInitThunk [0x74B18674+36]
	RtlGetAppContainerNamedObjectPath [0x77E75EC7+311]
	RtlGetAppContainerNamedObjectPath [0x77E75E97+263]
]]>
            </message>
            <full-stacktrace>
              <![CDATA[org.openqa.selenium.SessionNotCreatedException: session not created: This version of ChromeDriver only supports Chrome version 85
Build info: version: '3.11.0', revision: 'e59cfb3', time: '2018-03-11T20:26:55.152Z'
System info: host: 'IN5CG6130867', ip: '192.168.1.17', os.name: 'Windows 10', os.arch: 'amd64', os.version: '10.0', java.version: '1.8.0_201'
Driver info: driver.version: ChromeDriver
remote stacktrace: Backtrace:
	Ordinal0 [0x005AD383+3134339]
	Ordinal0 [0x0049A171+2007409]
	Ordinal0 [0x0033AEE8+569064]
	Ordinal0 [0x002C139F+70559]
	Ordinal0 [0x002BCC63+52323]
	Ordinal0 [0x002E0DFC+200188]
	Ordinal0 [0x002E0C1D+199709]
	Ordinal0 [0x002DEB0B+191243]
	Ordinal0 [0x002C2E77+77431]
	Ordinal0 [0x002C3E3E+81470]
	Ordinal0 [0x002C3DC9+81353]
	Ordinal0 [0x004B0CD9+2100441]
	GetHandleVerifier [0x0071B75A+1396954]
	GetHandleVerifier [0x0071B3D9+1396057]
	GetHandleVerifier [0x00727126+1444518]
	GetHandleVerifier [0x0071BCE8+1398376]
	Ordinal0 [0x004A7F51+2064209]
	Ordinal0 [0x004B22EB+2106091]
	Ordinal0 [0x004B2411+2106385]
	Ordinal0 [0x004C49C4+2181572]
	BaseThreadInitThunk [0x74B18674+36]
	RtlGetAppContainerNamedObjectPath [0x77E75EC7+311]
	RtlGetAppContainerNamedObjectPath [0x77E75E97+263]

	at sun.reflect.NativeConstructorAccessorImpl.newInstance0(Native Method)
	at sun.reflect.NativeConstructorAccessorImpl.newInstance(NativeConstructorAccessorImpl.java:62)
	at sun.reflect.DelegatingConstructorAccessorImpl.newInstance(DelegatingConstructorAccessorImpl.java:45)
	at java.lang.reflect.Constructor.newInstance(Constructor.java:423)
	at org.openqa.selenium.remote.W3CHandshakeResponse.lambda$new$0(W3CHandshakeResponse.java:57)
	at org.openqa.selenium.remote.W3CHandshakeResponse.lambda$getResponseFunction$2(W3CHandshakeResponse.java:104)
	at org.openqa.selenium.remote.ProtocolHandshake.lambda$createSession$0(ProtocolHandshake.java:123)
	at java.util.stream.ReferencePipeline$3$1.accept(ReferencePipeline.java:193)
	at java.util.Spliterators$ArraySpliterator.tryAdvance(Spliterators.java:958)
	at java.util.stream.ReferencePipeline.forEachWithCancel(ReferencePipeline.java:126)
	at java.util.stream.AbstractPipeline.copyIntoWithCancel(AbstractPipeline.java:498)
	at java.util.stream.AbstractPipeline.copyInto(AbstractPipeline.java:485)
	at java.util.stream.AbstractPipeline.wrapAndCopyInto(AbstractPipeline.java:471)
	at java.util.stream.FindOps$FindOp.evaluateSequential(FindOps.java:152)
	at java.util.stream.AbstractPipeline.evaluate(AbstractPipeline.java:234)
	at java.util.stream.ReferencePipeline.findFirst(ReferencePipeline.java:464)
	at org.openqa.selenium.remote.ProtocolHandshake.createSession(ProtocolHandshake.java:126)
	at org.openqa.selenium.remote.ProtocolHandshake.createSession(ProtocolHandshake.java:73)
	at org.openqa.selenium.remote.HttpCommandExecutor.execute(HttpCommandExecutor.java:136)
	at org.openqa.selenium.remote.service.DriverCommandExecutor.execute(DriverCommandExecutor.java:83)
	at org.openqa.selenium.remote.RemoteWebDriver.execute(RemoteWebDriver.java:545)
	at org.openqa.selenium.remote.RemoteWebDriver.startSession(RemoteWebDriver.java:209)
	at org.openqa.selenium.remote.RemoteWebDriver.<init>(RemoteWebDriver.java:132)
	at org.openqa.selenium.chrome.ChromeDriver.<init>(ChromeDriver.java:181)
	at org.openqa.selenium.chrome.ChromeDriver.<init>(ChromeDriver.java:168)
	at org.openqa.selenium.chrome.ChromeDriver.<init>(ChromeDriver.java:123)
	at com.selenium.AllinONE.Browser_launch(AllinONE.java:28)
	at sun.reflect.NativeMethodAccessorImpl.invoke0(Native Method)
	at sun.reflect.NativeMethodAccessorImpl.invoke(NativeMethodAccessorImpl.java:62)
	at sun.reflect.DelegatingMethodAccessorImpl.invoke(DelegatingMethodAccessorImpl.java:43)
	at java.lang.reflect.Method.invoke(Method.java:498)
	at org.testng.internal.MethodInvocationHelper.invokeMethod(MethodInvocationHelper.java:104)
	at org.testng.internal.Invoker.invokeConfigurationMethod(Invoker.java:515)
	at org.testng.internal.Invoker.invokeConfigurations(Invoker.java:217)
	at org.testng.internal.Invoker.invokeConfigurations(Invoker.java:144)
	at org.testng.internal.TestMethodWorker.invokeBeforeClassMethods(TestMethodWorker.java:169)
	at org.testng.internal.TestMethodWorker.run(TestMethodWorker.java:108)
	at org.testng.TestRunner.privateRun(TestRunner.java:756)
	at org.testng.TestRunner.run(TestRunner.java:610)
	at org.testng.SuiteRunner.runTest(SuiteRunner.java:387)
	at org.testng.SuiteRunner.runSequentially(SuiteRunner.java:382)
	at org.testng.SuiteRunner.privateRun(SuiteRunner.java:340)
	at org.testng.SuiteRunner.run(SuiteRunner.java:289)
	at org.testng.SuiteRunnerWorker.runSuite(SuiteRunnerWorker.java:52)
	at org.testng.SuiteRunnerWorker.run(SuiteRunnerWorker.java:86)
	at org.testng.TestNG.runSuitesSequentially(TestNG.java:1293)
	at org.testng.TestNG.runSuitesLocally(TestNG.java:1218)
	at org.testng.TestNG.runSuites(TestNG.java:1133)
	at org.testng.TestNG.run(TestNG.java:1104)
	at org.testng.remote.AbstractRemoteTestNG.run(AbstractRemoteTestNG.java:115)
	at org.testng.remote.RemoteTestNG.initAndRun(RemoteTestNG.java:251)
	at org.testng.remote.RemoteTestNG.main(RemoteTestNG.java:77)
]]>
            </full-stacktrace>
          </exception> <!-- org.openqa.selenium.SessionNotCreatedException -->
          <reporter-output>
          </reporter-output>
        </test-method> <!-- Website_launch -->
        <test-method status="SKIP" signature="Text()[pri:1, instance:com.selenium.AllinONE@5622fdf]" name="Text" duration-ms="3" started-at="2021-01-19T16:46:49Z" finished-at="2021-01-19T16:46:49Z">
          <exception class="org.openqa.selenium.SessionNotCreatedException">
            <message>
              <![CDATA[session not created: This version of ChromeDriver only supports Chrome version 85
Build info: version: '3.11.0', revision: 'e59cfb3', time: '2018-03-11T20:26:55.152Z'
System info: host: 'IN5CG6130867', ip: '192.168.1.17', os.name: 'Windows 10', os.arch: 'amd64', os.version: '10.0', java.version: '1.8.0_201'
Driver info: driver.version: ChromeDriver
remote stacktrace: Backtrace:
	Ordinal0 [0x005AD383+3134339]
	Ordinal0 [0x0049A171+2007409]
	Ordinal0 [0x0033AEE8+569064]
	Ordinal0 [0x002C139F+70559]
	Ordinal0 [0x002BCC63+52323]
	Ordinal0 [0x002E0DFC+200188]
	Ordinal0 [0x002E0C1D+199709]
	Ordinal0 [0x002DEB0B+191243]
	Ordinal0 [0x002C2E77+77431]
	Ordinal0 [0x002C3E3E+81470]
	Ordinal0 [0x002C3DC9+81353]
	Ordinal0 [0x004B0CD9+2100441]
	GetHandleVerifier [0x0071B75A+1396954]
	GetHandleVerifier [0x0071B3D9+1396057]
	GetHandleVerifier [0x00727126+1444518]
	GetHandleVerifier [0x0071BCE8+1398376]
	Ordinal0 [0x004A7F51+2064209]
	Ordinal0 [0x004B22EB+2106091]
	Ordinal0 [0x004B2411+2106385]
	Ordinal0 [0x004C49C4+2181572]
	BaseThreadInitThunk [0x74B18674+36]
	RtlGetAppContainerNamedObjectPath [0x77E75EC7+311]
	RtlGetAppContainerNamedObjectPath [0x77E75E97+263]
]]>
            </message>
            <full-stacktrace>
              <![CDATA[org.openqa.selenium.SessionNotCreatedException: session not created: This version of ChromeDriver only supports Chrome version 85
Build info: version: '3.11.0', revision: 'e59cfb3', time: '2018-03-11T20:26:55.152Z'
System info: host: 'IN5CG6130867', ip: '192.168.1.17', os.name: 'Windows 10', os.arch: 'amd64', os.version: '10.0', java.version: '1.8.0_201'
Driver info: driver.version: ChromeDriver
remote stacktrace: Backtrace:
	Ordinal0 [0x005AD383+3134339]
	Ordinal0 [0x0049A171+2007409]
	Ordinal0 [0x0033AEE8+569064]
	Ordinal0 [0x002C139F+70559]
	Ordinal0 [0x002BCC63+52323]
	Ordinal0 [0x002E0DFC+200188]
	Ordinal0 [0x002E0C1D+199709]
	Ordinal0 [0x002DEB0B+191243]
	Ordinal0 [0x002C2E77+77431]
	Ordinal0 [0x002C3E3E+81470]
	Ordinal0 [0x002C3DC9+81353]
	Ordinal0 [0x004B0CD9+2100441]
	GetHandleVerifier [0x0071B75A+1396954]
	GetHandleVerifier [0x0071B3D9+1396057]
	GetHandleVerifier [0x00727126+1444518]
	GetHandleVerifier [0x0071BCE8+1398376]
	Ordinal0 [0x004A7F51+2064209]
	Ordinal0 [0x004B22EB+2106091]
	Ordinal0 [0x004B2411+2106385]
	Ordinal0 [0x004C49C4+2181572]
	BaseThreadInitThunk [0x74B18674+36]
	RtlGetAppContainerNamedObjectPath [0x77E75EC7+311]
	RtlGetAppContainerNamedObjectPath [0x77E75E97+263]

	at sun.reflect.NativeConstructorAccessorImpl.newInstance0(Native Method)
	at sun.reflect.NativeConstructorAccessorImpl.newInstance(NativeConstructorAccessorImpl.java:62)
	at sun.reflect.DelegatingConstructorAccessorImpl.newInstance(DelegatingConstructorAccessorImpl.java:45)
	at java.lang.reflect.Constructor.newInstance(Constructor.java:423)
	at org.openqa.selenium.remote.W3CHandshakeResponse.lambda$new$0(W3CHandshakeResponse.java:57)
	at org.openqa.selenium.remote.W3CHandshakeResponse.lambda$getResponseFunction$2(W3CHandshakeResponse.java:104)
	at org.openqa.selenium.remote.ProtocolHandshake.lambda$createSession$0(ProtocolHandshake.java:123)
	at java.util.stream.ReferencePipeline$3$1.accept(ReferencePipeline.java:193)
	at java.util.Spliterators$ArraySpliterator.tryAdvance(Spliterators.java:958)
	at java.util.stream.ReferencePipeline.forEachWithCancel(ReferencePipeline.java:126)
	at java.util.stream.AbstractPipeline.copyIntoWithCancel(AbstractPipeline.java:498)
	at java.util.stream.AbstractPipeline.copyInto(AbstractPipeline.java:485)
	at java.util.stream.AbstractPipeline.wrapAndCopyInto(AbstractPipeline.java:471)
	at java.util.stream.FindOps$FindOp.evaluateSequential(FindOps.java:152)
	at java.util.stream.AbstractPipeline.evaluate(AbstractPipeline.java:234)
	at java.util.stream.ReferencePipeline.findFirst(ReferencePipeline.java:464)
	at org.openqa.selenium.remote.ProtocolHandshake.createSession(ProtocolHandshake.java:126)
	at org.openqa.selenium.remote.ProtocolHandshake.createSession(ProtocolHandshake.java:73)
	at org.openqa.selenium.remote.HttpCommandExecutor.execute(HttpCommandExecutor.java:136)
	at org.openqa.selenium.remote.service.DriverCommandExecutor.execute(DriverCommandExecutor.java:83)
	at org.openqa.selenium.remote.RemoteWebDriver.execute(RemoteWebDriver.java:545)
	at org.openqa.selenium.remote.RemoteWebDriver.startSession(RemoteWebDriver.java:209)
	at org.openqa.selenium.remote.RemoteWebDriver.<init>(RemoteWebDriver.java:132)
	at org.openqa.selenium.chrome.ChromeDriver.<init>(ChromeDriver.java:181)
	at org.openqa.selenium.chrome.ChromeDriver.<init>(ChromeDriver.java:168)
	at org.openqa.selenium.chrome.ChromeDriver.<init>(ChromeDriver.java:123)
	at com.selenium.AllinONE.Browser_launch(AllinONE.java:28)
	at sun.reflect.NativeMethodAccessorImpl.invoke0(Native Method)
	at sun.reflect.NativeMethodAccessorImpl.invoke(NativeMethodAccessorImpl.java:62)
	at sun.reflect.DelegatingMethodAccessorImpl.invoke(DelegatingMethodAccessorImpl.java:43)
	at java.lang.reflect.Method.invoke(Method.java:498)
	at org.testng.internal.MethodInvocationHelper.invokeMethod(MethodInvocationHelper.java:104)
	at org.testng.internal.Invoker.invokeConfigurationMethod(Invoker.java:515)
	at org.testng.internal.Invoker.invokeConfigurations(Invoker.java:217)
	at org.testng.internal.Invoker.invokeConfigurations(Invoker.java:144)
	at org.testng.internal.TestMethodWorker.invokeBeforeClassMethods(TestMethodWorker.java:169)
	at org.testng.internal.TestMethodWorker.run(TestMethodWorker.java:108)
	at org.testng.TestRunner.privateRun(TestRunner.java:756)
	at org.testng.TestRunner.run(TestRunner.java:610)
	at org.testng.SuiteRunner.runTest(SuiteRunner.java:387)
	at org.testng.SuiteRunner.runSequentially(SuiteRunner.java:382)
	at org.testng.SuiteRunner.privateRun(SuiteRunner.java:340)
	at org.testng.SuiteRunner.run(SuiteRunner.java:289)
	at org.testng.SuiteRunnerWorker.runSuite(SuiteRunnerWorker.java:52)
	at org.testng.SuiteRunnerWorker.run(SuiteRunnerWorker.java:86)
	at org.testng.TestNG.runSuitesSequentially(TestNG.java:1293)
	at org.testng.TestNG.runSuitesLocally(TestNG.java:1218)
	at org.testng.TestNG.runSuites(TestNG.java:1133)
	at org.testng.TestNG.run(TestNG.java:1104)
	at org.testng.remote.AbstractRemoteTestNG.run(AbstractRemoteTestNG.java:115)
	at org.testng.remote.RemoteTestNG.initAndRun(RemoteTestNG.java:251)
	at org.testng.remote.RemoteTestNG.main(RemoteTestNG.java:77)
]]>
            </full-stacktrace>
          </exception> <!-- org.openqa.selenium.SessionNotCreatedException -->
          <reporter-output>
          </reporter-output>
        </test-method> <!-- Text -->
        <test-method status="SKIP" signature="Weblist_dropdown()[pri:2, instance:com.selenium.AllinONE@5622fdf]" name="Weblist_dropdown" duration-ms="3" started-at="2021-01-19T16:46:49Z" finished-at="2021-01-19T16:46:49Z">
          <exception class="org.openqa.selenium.SessionNotCreatedException">
            <message>
              <![CDATA[session not created: This version of ChromeDriver only supports Chrome version 85
Build info: version: '3.11.0', revision: 'e59cfb3', time: '2018-03-11T20:26:55.152Z'
System info: host: 'IN5CG6130867', ip: '192.168.1.17', os.name: 'Windows 10', os.arch: 'amd64', os.version: '10.0', java.version: '1.8.0_201'
Driver info: driver.version: ChromeDriver
remote stacktrace: Backtrace:
	Ordinal0 [0x005AD383+3134339]
	Ordinal0 [0x0049A171+2007409]
	Ordinal0 [0x0033AEE8+569064]
	Ordinal0 [0x002C139F+70559]
	Ordinal0 [0x002BCC63+52323]
	Ordinal0 [0x002E0DFC+200188]
	Ordinal0 [0x002E0C1D+199709]
	Ordinal0 [0x002DEB0B+191243]
	Ordinal0 [0x002C2E77+77431]
	Ordinal0 [0x002C3E3E+81470]
	Ordinal0 [0x002C3DC9+81353]
	Ordinal0 [0x004B0CD9+2100441]
	GetHandleVerifier [0x0071B75A+1396954]
	GetHandleVerifier [0x0071B3D9+1396057]
	GetHandleVerifier [0x00727126+1444518]
	GetHandleVerifier [0x0071BCE8+1398376]
	Ordinal0 [0x004A7F51+2064209]
	Ordinal0 [0x004B22EB+2106091]
	Ordinal0 [0x004B2411+2106385]
	Ordinal0 [0x004C49C4+2181572]
	BaseThreadInitThunk [0x74B18674+36]
	RtlGetAppContainerNamedObjectPath [0x77E75EC7+311]
	RtlGetAppContainerNamedObjectPath [0x77E75E97+263]
]]>
            </message>
            <full-stacktrace>
              <![CDATA[org.openqa.selenium.SessionNotCreatedException: session not created: This version of ChromeDriver only supports Chrome version 85
Build info: version: '3.11.0', revision: 'e59cfb3', time: '2018-03-11T20:26:55.152Z'
System info: host: 'IN5CG6130867', ip: '192.168.1.17', os.name: 'Windows 10', os.arch: 'amd64', os.version: '10.0', java.version: '1.8.0_201'
Driver info: driver.version: ChromeDriver
remote stacktrace: Backtrace:
	Ordinal0 [0x005AD383+3134339]
	Ordinal0 [0x0049A171+2007409]
	Ordinal0 [0x0033AEE8+569064]
	Ordinal0 [0x002C139F+70559]
	Ordinal0 [0x002BCC63+52323]
	Ordinal0 [0x002E0DFC+200188]
	Ordinal0 [0x002E0C1D+199709]
	Ordinal0 [0x002DEB0B+191243]
	Ordinal0 [0x002C2E77+77431]
	Ordinal0 [0x002C3E3E+81470]
	Ordinal0 [0x002C3DC9+81353]
	Ordinal0 [0x004B0CD9+2100441]
	GetHandleVerifier [0x0071B75A+1396954]
	GetHandleVerifier [0x0071B3D9+1396057]
	GetHandleVerifier [0x00727126+1444518]
	GetHandleVerifier [0x0071BCE8+1398376]
	Ordinal0 [0x004A7F51+2064209]
	Ordinal0 [0x004B22EB+2106091]
	Ordinal0 [0x004B2411+2106385]
	Ordinal0 [0x004C49C4+2181572]
	BaseThreadInitThunk [0x74B18674+36]
	RtlGetAppContainerNamedObjectPath [0x77E75EC7+311]
	RtlGetAppContainerNamedObjectPath [0x77E75E97+263]

	at sun.reflect.NativeConstructorAccessorImpl.newInstance0(Native Method)
	at sun.reflect.NativeConstructorAccessorImpl.newInstance(NativeConstructorAccessorImpl.java:62)
	at sun.reflect.DelegatingConstructorAccessorImpl.newInstance(DelegatingConstructorAccessorImpl.java:45)
	at java.lang.reflect.Constructor.newInstance(Constructor.java:423)
	at org.openqa.selenium.remote.W3CHandshakeResponse.lambda$new$0(W3CHandshakeResponse.java:57)
	at org.openqa.selenium.remote.W3CHandshakeResponse.lambda$getResponseFunction$2(W3CHandshakeResponse.java:104)
	at org.openqa.selenium.remote.ProtocolHandshake.lambda$createSession$0(ProtocolHandshake.java:123)
	at java.util.stream.ReferencePipeline$3$1.accept(ReferencePipeline.java:193)
	at java.util.Spliterators$ArraySpliterator.tryAdvance(Spliterators.java:958)
	at java.util.stream.ReferencePipeline.forEachWithCancel(ReferencePipeline.java:126)
	at java.util.stream.AbstractPipeline.copyIntoWithCancel(AbstractPipeline.java:498)
	at java.util.stream.AbstractPipeline.copyInto(AbstractPipeline.java:485)
	at java.util.stream.AbstractPipeline.wrapAndCopyInto(AbstractPipeline.java:471)
	at java.util.stream.FindOps$FindOp.evaluateSequential(FindOps.java:152)
	at java.util.stream.AbstractPipeline.evaluate(AbstractPipeline.java:234)
	at java.util.stream.ReferencePipeline.findFirst(ReferencePipeline.java:464)
	at org.openqa.selenium.remote.ProtocolHandshake.createSession(ProtocolHandshake.java:126)
	at org.openqa.selenium.remote.ProtocolHandshake.createSession(ProtocolHandshake.java:73)
	at org.openqa.selenium.remote.HttpCommandExecutor.execute(HttpCommandExecutor.java:136)
	at org.openqa.selenium.remote.service.DriverCommandExecutor.execute(DriverCommandExecutor.java:83)
	at org.openqa.selenium.remote.RemoteWebDriver.execute(RemoteWebDriver.java:545)
	at org.openqa.selenium.remote.RemoteWebDriver.startSession(RemoteWebDriver.java:209)
	at org.openqa.selenium.remote.RemoteWebDriver.<init>(RemoteWebDriver.java:132)
	at org.openqa.selenium.chrome.ChromeDriver.<init>(ChromeDriver.java:181)
	at org.openqa.selenium.chrome.ChromeDriver.<init>(ChromeDriver.java:168)
	at org.openqa.selenium.chrome.ChromeDriver.<init>(ChromeDriver.java:123)
	at com.selenium.AllinONE.Browser_launch(AllinONE.java:28)
	at sun.reflect.NativeMethodAccessorImpl.invoke0(Native Method)
	at sun.reflect.NativeMethodAccessorImpl.invoke(NativeMethodAccessorImpl.java:62)
	at sun.reflect.DelegatingMethodAccessorImpl.invoke(DelegatingMethodAccessorImpl.java:43)
	at java.lang.reflect.Method.invoke(Method.java:498)
	at org.testng.internal.MethodInvocationHelper.invokeMethod(MethodInvocationHelper.java:104)
	at org.testng.internal.Invoker.invokeConfigurationMethod(Invoker.java:515)
	at org.testng.internal.Invoker.invokeConfigurations(Invoker.java:217)
	at org.testng.internal.Invoker.invokeConfigurations(Invoker.java:144)
	at org.testng.internal.TestMethodWorker.invokeBeforeClassMethods(TestMethodWorker.java:169)
	at org.testng.internal.TestMethodWorker.run(TestMethodWorker.java:108)
	at org.testng.TestRunner.privateRun(TestRunner.java:756)
	at org.testng.TestRunner.run(TestRunner.java:610)
	at org.testng.SuiteRunner.runTest(SuiteRunner.java:387)
	at org.testng.SuiteRunner.runSequentially(SuiteRunner.java:382)
	at org.testng.SuiteRunner.privateRun(SuiteRunner.java:340)
	at org.testng.SuiteRunner.run(SuiteRunner.java:289)
	at org.testng.SuiteRunnerWorker.runSuite(SuiteRunnerWorker.java:52)
	at org.testng.SuiteRunnerWorker.run(SuiteRunnerWorker.java:86)
	at org.testng.TestNG.runSuitesSequentially(TestNG.java:1293)
	at org.testng.TestNG.runSuitesLocally(TestNG.java:1218)
	at org.testng.TestNG.runSuites(TestNG.java:1133)
	at org.testng.TestNG.run(TestNG.java:1104)
	at org.testng.remote.AbstractRemoteTestNG.run(AbstractRemoteTestNG.java:115)
	at org.testng.remote.RemoteTestNG.initAndRun(RemoteTestNG.java:251)
	at org.testng.remote.RemoteTestNG.main(RemoteTestNG.java:77)
]]>
            </full-stacktrace>
          </exception> <!-- org.openqa.selenium.SessionNotCreatedException -->
          <reporter-output>
          </reporter-output>
        </test-method> <!-- Weblist_dropdown -->
        <test-method status="SKIP" signature="close_browser()[pri:0, instance:com.selenium.AllinONE@5622fdf]" name="close_browser" is-config="true" duration-ms="0" started-at="2021-01-19T16:46:49Z" finished-at="2021-01-19T16:46:49Z">
          <reporter-output>
          </reporter-output>
        </test-method> <!-- close_browser -->
      </class> <!-- com.selenium.AllinONE -->
    </test> <!-- Default test -->
  </suite> <!-- Default suite -->
</testng-results>
